<?xml version="1.0" encoding="UTF-8"?>
<!-- Generated by org.testng.reporters.JUnitReportReporter -->
<testsuite hostname="DESKTOP-3HV04S5" failures="0" tests="11" name="api.test.ProductAPITests" time="10.341" errors="0" timestamp="2025-06-16T20:14:25 IST" skipped="0">
  <testcase classname="api.test.ProductAPITests" name="testCreateProduct_Positive" time="0.385"/>
  <testcase classname="api.test.ProductAPITests" name="testCreateProduct_Positive" time="4.248"/>
  <testcase classname="api.test.ProductAPITests" name="testCreateProduct_Negative" time="0.311"/>
  <testcase classname="api.test.ProductAPITests" name="testCreateProduct_Negative" time="0.750"/>
  <testcase classname="api.test.ProductAPITests" name="testGetProduct_Positive" time="0.750"/>
  <testcase classname="api.test.ProductAPITests" name="testGetProduct_Negative" time="0.710"/>
  <testcase classname="api.test.ProductAPITests" name="testUpdateProduct_Positive" time="0.361"/>
  <testcase classname="api.test.ProductAPITests" name="testUpdateProduct_Negative" time="0.452"/>
  <testcase classname="api.test.ProductAPITests" name="testUpdateProduct_Negative" time="0.694"/>
  <testcase classname="api.test.ProductAPITests" name="testDeleteProduct_Positive" time="0.987"/>
  <testcase classname="api.test.ProductAPITests" name="testDeleteProduct_Negative" time="0.693"/>
</testsuite> <!-- api.test.ProductAPITests -->
