<?xml version="1.0" encoding="UTF-8"?>
<!-- Generated by org.testng.reporters.JUnitReportReporter -->
<testsuite hostname="DESKTOP-3HV04S5" failures="0" tests="11" name="api.test.ProductAPITests" time="12.263" errors="0" timestamp="2025-06-16T22:48:49 IST" skipped="0">
  <testcase classname="api.test.ProductAPITests" name="testCreateProduct_Positive" time="0.899"/>
  <testcase classname="api.test.ProductAPITests" name="testCreateProduct_Positive" time="2.669"/>
  <testcase classname="api.test.ProductAPITests" name="testCreateProduct_Negative" time="0.829"/>
  <testcase classname="api.test.ProductAPITests" name="testCreateProduct_Negative" time="0.836"/>
  <testcase classname="api.test.ProductAPITests" name="testGetProduct_Positive" time="0.896"/>
  <testcase classname="api.test.ProductAPITests" name="testGetProduct_Negative" time="0.801"/>
  <testcase classname="api.test.ProductAPITests" name="testUpdateProduct_Positive" time="0.861"/>
  <testcase classname="api.test.ProductAPITests" name="testUpdateProduct_Negative" time="0.852"/>
  <testcase classname="api.test.ProductAPITests" name="testUpdateProduct_Negative" time="0.875"/>
  <testcase classname="api.test.ProductAPITests" name="testDeleteProduct_Positive" time="1.935"/>
  <testcase classname="api.test.ProductAPITests" name="testDeleteProduct_Negative" time="0.810"/>
</testsuite> <!-- api.test.ProductAPITests -->
