<?xml version="1.0" encoding="UTF-8"?>
<!-- Generated by org.testng.reporters.JUnitReportReporter -->
<testsuite hostname="DESKTOP-3HV04S5" failures="0" tests="11" name="api.test.ProductAPITests" time="12.041" errors="0" timestamp="2025-06-16T20:29:14 IST" skipped="0">
  <testcase classname="api.test.ProductAPITests" name="testCreateProduct_Positive" time="2.842"/>
  <testcase classname="api.test.ProductAPITests" name="testCreateProduct_Positive" time="0.900"/>
  <testcase classname="api.test.ProductAPITests" name="testCreateProduct_Negative" time="0.788"/>
  <testcase classname="api.test.ProductAPITests" name="testCreateProduct_Negative" time="0.856"/>
  <testcase classname="api.test.ProductAPITests" name="testGetProduct_Positive" time="0.888"/>
  <testcase classname="api.test.ProductAPITests" name="testGetProduct_Negative" time="0.823"/>
  <testcase classname="api.test.ProductAPITests" name="testUpdateProduct_Positive" time="0.861"/>
  <testcase classname="api.test.ProductAPITests" name="testUpdateProduct_Negative" time="0.892"/>
  <testcase classname="api.test.ProductAPITests" name="testUpdateProduct_Negative" time="0.824"/>
  <testcase classname="api.test.ProductAPITests" name="testDeleteProduct_Positive" time="1.649"/>
  <testcase classname="api.test.ProductAPITests" name="testDeleteProduct_Negative" time="0.718"/>
</testsuite> <!-- api.test.ProductAPITests -->
