<?xml version="1.0" encoding="UTF-8"?>
<!-- Generated by org.testng.reporters.JUnitReportReporter -->
<testsuite hostname="DESKTOP-3HV04S5" failures="0" tests="2" name="api.test.HeaderValidationTest" time="4.953" errors="0" timestamp="2025-06-16T22:48:49 IST" skipped="0">
  <testcase classname="api.test.HeaderValidationTest" name="validateResponseHeaders" time="1.227"/>
  <testcase classname="api.test.HeaderValidationTest" name="validateAuthorizationHeader" time="3.726"/>
</testsuite> <!-- api.test.HeaderValidationTest -->
