<?xml version="1.0" encoding="UTF-8"?>
<testsuite xmlns:xsi="http://www.w3.org/2001/XMLSchema-instance" xsi:noNamespaceSchemaLocation="https://maven.apache.org/surefire/maven-surefire-plugin/xsd/surefire-test-report-3.0.xsd" version="3.0" name="TestSuite" time="21.983" tests="13" errors="0" skipped="0" failures="1">
  <properties>
    <property name="java.specification.version" value="23"/>
    <property name="sun.cpu.isalist" value="amd64"/>
    <property name="sun.jnu.encoding" value="Cp1252"/>
    <property name="java.class.path" value="C:\Users\Admin\Downloads\JKTech\RestAutomation\target\test-classes;C:\Users\Admin\Downloads\JKTech\RestAutomation\target\classes;C:\Users\Admin\.m2\repository\io\rest-assured\rest-assured\5.5.1\rest-assured-5.5.1.jar;C:\Users\Admin\.m2\repository\org\apache\groovy\groovy\4.0.22\groovy-4.0.22.jar;C:\Users\Admin\.m2\repository\org\apache\groovy\groovy-xml\4.0.22\groovy-xml-4.0.22.jar;C:\Users\Admin\.m2\repository\org\apache\httpcomponents\httpclient\4.5.13\httpclient-4.5.13.jar;C:\Users\Admin\.m2\repository\org\apache\httpcomponents\httpcore\4.4.13\httpcore-4.4.13.jar;C:\Users\Admin\.m2\repository\commons-logging\commons-logging\1.2\commons-logging-1.2.jar;C:\Users\Admin\.m2\repository\org\apache\httpcomponents\httpmime\4.5.13\httpmime-4.5.13.jar;C:\Users\Admin\.m2\repository\org\hamcrest\hamcrest\2.2\hamcrest-2.2.jar;C:\Users\Admin\.m2\repository\org\ccil\cowan\tagsoup\tagsoup\1.2.1\tagsoup-1.2.1.jar;C:\Users\Admin\.m2\repository\io\rest-assured\xml-path\5.5.1\xml-path-5.5.1.jar;C:\Users\Admin\.m2\repository\org\apache\commons\commons-lang3\3.16.0\commons-lang3-3.16.0.jar;C:\Users\Admin\.m2\repository\io\rest-assured\json-schema-validator\5.3.2\json-schema-validator-5.3.2.jar;C:\Users\Admin\.m2\repository\com\github\java-json-tools\json-schema-validator\2.2.14\json-schema-validator-2.2.14.jar;C:\Users\Admin\.m2\repository\com\github\java-json-tools\jackson-coreutils-equivalence\1.0\jackson-coreutils-equivalence-1.0.jar;C:\Users\Admin\.m2\repository\com\github\java-json-tools\jackson-coreutils\2.0\jackson-coreutils-2.0.jar;C:\Users\Admin\.m2\repository\com\github\java-json-tools\msg-simple\1.2\msg-simple-1.2.jar;C:\Users\Admin\.m2\repository\com\github\java-json-tools\btf\1.3\btf-1.3.jar;C:\Users\Admin\.m2\repository\com\github\java-json-tools\json-schema-core\1.2.14\json-schema-core-1.2.14.jar;C:\Users\Admin\.m2\repository\com\github\java-json-tools\uri-template\0.10\uri-template-0.10.jar;C:\Users\Admin\.m2\repository\org\mozilla\rhino\1.7.7.2\rhino-1.7.7.2.jar;C:\Users\Admin\.m2\repository\com\sun\mail\mailapi\1.6.2\mailapi-1.6.2.jar;C:\Users\Admin\.m2\repository\joda-time\joda-time\2.10.5\joda-time-2.10.5.jar;C:\Users\Admin\.m2\repository\com\googlecode\libphonenumber\libphonenumber\8.11.1\libphonenumber-8.11.1.jar;C:\Users\Admin\.m2\repository\com\google\code\findbugs\jsr305\3.0.2\jsr305-3.0.2.jar;C:\Users\Admin\.m2\repository\net\sf\jopt-simple\jopt-simple\5.0.4\jopt-simple-5.0.4.jar;C:\Users\Admin\.m2\repository\com\google\guava\guava\32.0.1-jre\guava-32.0.1-jre.jar;C:\Users\Admin\.m2\repository\com\google\guava\failureaccess\1.0.1\failureaccess-1.0.1.jar;C:\Users\Admin\.m2\repository\com\google\guava\listenablefuture\9999.0-empty-to-avoid-conflict-with-guava\listenablefuture-9999.0-empty-to-avoid-conflict-with-guava.jar;C:\Users\Admin\.m2\repository\org\checkerframework\checker-qual\3.33.0\checker-qual-3.33.0.jar;C:\Users\Admin\.m2\repository\com\google\errorprone\error_prone_annotations\2.18.0\error_prone_annotations-2.18.0.jar;C:\Users\Admin\.m2\repository\com\google\j2objc\j2objc-annotations\2.8\j2objc-annotations-2.8.jar;C:\Users\Admin\.m2\repository\io\rest-assured\json-path\5.5.1\json-path-5.5.1.jar;C:\Users\Admin\.m2\repository\org\apache\groovy\groovy-json\4.0.22\groovy-json-4.0.22.jar;C:\Users\Admin\.m2\repository\io\rest-assured\rest-assured-common\5.5.1\rest-assured-common-5.5.1.jar;C:\Users\Admin\.m2\repository\org\json\json\20250107\json-20250107.jar;C:\Users\Admin\.m2\repository\org\testng\testng\7.11.0\testng-7.11.0.jar;C:\Users\Admin\.m2\repository\org\slf4j\slf4j-api\2.0.16\slf4j-api-2.0.16.jar;C:\Users\Admin\.m2\repository\org\jcommander\jcommander\1.83\jcommander-1.83.jar;C:\Users\Admin\.m2\repository\org\webjars\jquery\3.7.1\jquery-3.7.1.jar;C:\Users\Admin\.m2\repository\com\github\scribejava\scribejava-apis\8.3.3\scribejava-apis-8.3.3.jar;C:\Users\Admin\.m2\repository\com\github\scribejava\scribejava-core\8.3.3\scribejava-core-8.3.3.jar;C:\Users\Admin\.m2\repository\com\github\scribejava\scribejava-java8\8.3.3\scribejava-java8-8.3.3.jar;C:\Users\Admin\.m2\repository\com\fasterxml\jackson\core\jackson-databind\2.14.0\jackson-databind-2.14.0.jar;C:\Users\Admin\.m2\repository\com\fasterxml\jackson\core\jackson-annotations\2.14.0\jackson-annotations-2.14.0.jar;C:\Users\Admin\.m2\repository\com\fasterxml\jackson\core\jackson-core\2.14.0\jackson-core-2.14.0.jar;C:\Users\Admin\.m2\repository\com\aventstack\extentreports\5.1.2\extentreports-5.1.2.jar;C:\Users\Admin\.m2\repository\io\reactivex\rxjava3\rxjava\3.1.6\rxjava-3.1.6.jar;C:\Users\Admin\.m2\repository\org\reactivestreams\reactive-streams\1.0.4\reactive-streams-1.0.4.jar;C:\Users\Admin\.m2\repository\org\freemarker\freemarker\2.3.32\freemarker-2.3.32.jar;C:\Users\Admin\.m2\repository\org\projectlombok\lombok\1.18.26\lombok-1.18.26.jar;C:\Users\Admin\.m2\repository\com\google\code\gson\gson\2.10.1\gson-2.10.1.jar;C:\Users\Admin\.m2\repository\org\apache\poi\poi\5.4.0\poi-5.4.0.jar;C:\Users\Admin\.m2\repository\commons-codec\commons-codec\1.17.1\commons-codec-1.17.1.jar;C:\Users\Admin\.m2\repository\org\apache\commons\commons-collections4\4.4\commons-collections4-4.4.jar;C:\Users\Admin\.m2\repository\org\apache\commons\commons-math3\3.6.1\commons-math3-3.6.1.jar;C:\Users\Admin\.m2\repository\commons-io\commons-io\2.18.0\commons-io-2.18.0.jar;C:\Users\Admin\.m2\repository\com\zaxxer\SparseBitSet\1.3\SparseBitSet-1.3.jar;C:\Users\Admin\.m2\repository\org\apache\logging\log4j\log4j-api\2.24.3\log4j-api-2.24.3.jar;C:\Users\Admin\.m2\repository\org\apache\poi\poi-ooxml\5.4.0\poi-ooxml-5.4.0.jar;C:\Users\Admin\.m2\repository\org\apache\poi\poi-ooxml-lite\5.4.0\poi-ooxml-lite-5.4.0.jar;C:\Users\Admin\.m2\repository\org\apache\xmlbeans\xmlbeans\5.3.0\xmlbeans-5.3.0.jar;C:\Users\Admin\.m2\repository\org\apache\commons\commons-compress\1.27.1\commons-compress-1.27.1.jar;C:\Users\Admin\.m2\repository\com\github\virtuald\curvesapi\1.08\curvesapi-1.08.jar;"/>
    <property name="java.vm.vendor" value="Eclipse Adoptium"/>
    <property name="sun.arch.data.model" value="64"/>
    <property name="user.variant" value=""/>
    <property name="java.vendor.url" value="https://adoptium.net/"/>
    <property name="user.timezone" value="Asia/Calcutta"/>
    <property name="os.name" value="Windows 11"/>
    <property name="java.vm.specification.version" value="23"/>
    <property name="sun.java.launcher" value="SUN_STANDARD"/>
    <property name="user.country" value="IN"/>
    <property name="sun.boot.library.path" value="C:\Users\Admin\.p2\pool\plugins\org.eclipse.justj.openjdk.hotspot.jre.full.win32.x86_64_23.0.1.v20241024-1700\jre\bin"/>
    <property name="sun.java.command" value="C:\Users\Admin\AppData\Local\Temp\surefire7748060917845194799\surefirebooter-20250616205846009_3.jar C:\Users\Admin\AppData\Local\Temp\surefire7748060917845194799 2025-06-16T20-58-45_633-jvmRun1 surefire-20250616205846009_1tmp surefire_0-20250616205846009_2tmp"/>
    <property name="jdk.debug" value="release"/>
    <property name="surefire.test.class.path" value="C:\Users\Admin\Downloads\JKTech\RestAutomation\target\test-classes;C:\Users\Admin\Downloads\JKTech\RestAutomation\target\classes;C:\Users\Admin\.m2\repository\io\rest-assured\rest-assured\5.5.1\rest-assured-5.5.1.jar;C:\Users\Admin\.m2\repository\org\apache\groovy\groovy\4.0.22\groovy-4.0.22.jar;C:\Users\Admin\.m2\repository\org\apache\groovy\groovy-xml\4.0.22\groovy-xml-4.0.22.jar;C:\Users\Admin\.m2\repository\org\apache\httpcomponents\httpclient\4.5.13\httpclient-4.5.13.jar;C:\Users\Admin\.m2\repository\org\apache\httpcomponents\httpcore\4.4.13\httpcore-4.4.13.jar;C:\Users\Admin\.m2\repository\commons-logging\commons-logging\1.2\commons-logging-1.2.jar;C:\Users\Admin\.m2\repository\org\apache\httpcomponents\httpmime\4.5.13\httpmime-4.5.13.jar;C:\Users\Admin\.m2\repository\org\hamcrest\hamcrest\2.2\hamcrest-2.2.jar;C:\Users\Admin\.m2\repository\org\ccil\cowan\tagsoup\tagsoup\1.2.1\tagsoup-1.2.1.jar;C:\Users\Admin\.m2\repository\io\rest-assured\xml-path\5.5.1\xml-path-5.5.1.jar;C:\Users\Admin\.m2\repository\org\apache\commons\commons-lang3\3.16.0\commons-lang3-3.16.0.jar;C:\Users\Admin\.m2\repository\io\rest-assured\json-schema-validator\5.3.2\json-schema-validator-5.3.2.jar;C:\Users\Admin\.m2\repository\com\github\java-json-tools\json-schema-validator\2.2.14\json-schema-validator-2.2.14.jar;C:\Users\Admin\.m2\repository\com\github\java-json-tools\jackson-coreutils-equivalence\1.0\jackson-coreutils-equivalence-1.0.jar;C:\Users\Admin\.m2\repository\com\github\java-json-tools\jackson-coreutils\2.0\jackson-coreutils-2.0.jar;C:\Users\Admin\.m2\repository\com\github\java-json-tools\msg-simple\1.2\msg-simple-1.2.jar;C:\Users\Admin\.m2\repository\com\github\java-json-tools\btf\1.3\btf-1.3.jar;C:\Users\Admin\.m2\repository\com\github\java-json-tools\json-schema-core\1.2.14\json-schema-core-1.2.14.jar;C:\Users\Admin\.m2\repository\com\github\java-json-tools\uri-template\0.10\uri-template-0.10.jar;C:\Users\Admin\.m2\repository\org\mozilla\rhino\1.7.7.2\rhino-1.7.7.2.jar;C:\Users\Admin\.m2\repository\com\sun\mail\mailapi\1.6.2\mailapi-1.6.2.jar;C:\Users\Admin\.m2\repository\joda-time\joda-time\2.10.5\joda-time-2.10.5.jar;C:\Users\Admin\.m2\repository\com\googlecode\libphonenumber\libphonenumber\8.11.1\libphonenumber-8.11.1.jar;C:\Users\Admin\.m2\repository\com\google\code\findbugs\jsr305\3.0.2\jsr305-3.0.2.jar;C:\Users\Admin\.m2\repository\net\sf\jopt-simple\jopt-simple\5.0.4\jopt-simple-5.0.4.jar;C:\Users\Admin\.m2\repository\com\google\guava\guava\32.0.1-jre\guava-32.0.1-jre.jar;C:\Users\Admin\.m2\repository\com\google\guava\failureaccess\1.0.1\failureaccess-1.0.1.jar;C:\Users\Admin\.m2\repository\com\google\guava\listenablefuture\9999.0-empty-to-avoid-conflict-with-guava\listenablefuture-9999.0-empty-to-avoid-conflict-with-guava.jar;C:\Users\Admin\.m2\repository\org\checkerframework\checker-qual\3.33.0\checker-qual-3.33.0.jar;C:\Users\Admin\.m2\repository\com\google\errorprone\error_prone_annotations\2.18.0\error_prone_annotations-2.18.0.jar;C:\Users\Admin\.m2\repository\com\google\j2objc\j2objc-annotations\2.8\j2objc-annotations-2.8.jar;C:\Users\Admin\.m2\repository\io\rest-assured\json-path\5.5.1\json-path-5.5.1.jar;C:\Users\Admin\.m2\repository\org\apache\groovy\groovy-json\4.0.22\groovy-json-4.0.22.jar;C:\Users\Admin\.m2\repository\io\rest-assured\rest-assured-common\5.5.1\rest-assured-common-5.5.1.jar;C:\Users\Admin\.m2\repository\org\json\json\20250107\json-20250107.jar;C:\Users\Admin\.m2\repository\org\testng\testng\7.11.0\testng-7.11.0.jar;C:\Users\Admin\.m2\repository\org\slf4j\slf4j-api\2.0.16\slf4j-api-2.0.16.jar;C:\Users\Admin\.m2\repository\org\jcommander\jcommander\1.83\jcommander-1.83.jar;C:\Users\Admin\.m2\repository\org\webjars\jquery\3.7.1\jquery-3.7.1.jar;C:\Users\Admin\.m2\repository\com\github\scribejava\scribejava-apis\8.3.3\scribejava-apis-8.3.3.jar;C:\Users\Admin\.m2\repository\com\github\scribejava\scribejava-core\8.3.3\scribejava-core-8.3.3.jar;C:\Users\Admin\.m2\repository\com\github\scribejava\scribejava-java8\8.3.3\scribejava-java8-8.3.3.jar;C:\Users\Admin\.m2\repository\com\fasterxml\jackson\core\jackson-databind\2.14.0\jackson-databind-2.14.0.jar;C:\Users\Admin\.m2\repository\com\fasterxml\jackson\core\jackson-annotations\2.14.0\jackson-annotations-2.14.0.jar;C:\Users\Admin\.m2\repository\com\fasterxml\jackson\core\jackson-core\2.14.0\jackson-core-2.14.0.jar;C:\Users\Admin\.m2\repository\com\aventstack\extentreports\5.1.2\extentreports-5.1.2.jar;C:\Users\Admin\.m2\repository\io\reactivex\rxjava3\rxjava\3.1.6\rxjava-3.1.6.jar;C:\Users\Admin\.m2\repository\org\reactivestreams\reactive-streams\1.0.4\reactive-streams-1.0.4.jar;C:\Users\Admin\.m2\repository\org\freemarker\freemarker\2.3.32\freemarker-2.3.32.jar;C:\Users\Admin\.m2\repository\org\projectlombok\lombok\1.18.26\lombok-1.18.26.jar;C:\Users\Admin\.m2\repository\com\google\code\gson\gson\2.10.1\gson-2.10.1.jar;C:\Users\Admin\.m2\repository\org\apache\poi\poi\5.4.0\poi-5.4.0.jar;C:\Users\Admin\.m2\repository\commons-codec\commons-codec\1.17.1\commons-codec-1.17.1.jar;C:\Users\Admin\.m2\repository\org\apache\commons\commons-collections4\4.4\commons-collections4-4.4.jar;C:\Users\Admin\.m2\repository\org\apache\commons\commons-math3\3.6.1\commons-math3-3.6.1.jar;C:\Users\Admin\.m2\repository\commons-io\commons-io\2.18.0\commons-io-2.18.0.jar;C:\Users\Admin\.m2\repository\com\zaxxer\SparseBitSet\1.3\SparseBitSet-1.3.jar;C:\Users\Admin\.m2\repository\org\apache\logging\log4j\log4j-api\2.24.3\log4j-api-2.24.3.jar;C:\Users\Admin\.m2\repository\org\apache\poi\poi-ooxml\5.4.0\poi-ooxml-5.4.0.jar;C:\Users\Admin\.m2\repository\org\apache\poi\poi-ooxml-lite\5.4.0\poi-ooxml-lite-5.4.0.jar;C:\Users\Admin\.m2\repository\org\apache\xmlbeans\xmlbeans\5.3.0\xmlbeans-5.3.0.jar;C:\Users\Admin\.m2\repository\org\apache\commons\commons-compress\1.27.1\commons-compress-1.27.1.jar;C:\Users\Admin\.m2\repository\com\github\virtuald\curvesapi\1.08\curvesapi-1.08.jar;"/>
    <property name="sun.cpu.endian" value="little"/>
    <property name="user.home" value="C:\Users\Admin"/>
    <property name="user.language" value="en"/>
    <property name="java.specification.vendor" value="Oracle Corporation"/>
    <property name="java.version.date" value="2024-10-15"/>
    <property name="java.home" value="C:\Users\Admin\.p2\pool\plugins\org.eclipse.justj.openjdk.hotspot.jre.full.win32.x86_64_23.0.1.v20241024-1700\jre"/>
    <property name="file.separator" value="\"/>
    <property name="basedir" value="C:\Users\Admin\Downloads\JKTech\RestAutomation"/>
    <property name="style.color" value="always"/>
    <property name="java.vm.compressedOopsMode" value="32-bit"/>
    <property name="line.separator" value="&#10;"/>
    <property name="java.vm.specification.vendor" value="Oracle Corporation"/>
    <property name="java.specification.name" value="Java Platform API Specification"/>
    <property name="surefire.real.class.path" value="C:\Users\Admin\AppData\Local\Temp\surefire7748060917845194799\surefirebooter-20250616205846009_3.jar"/>
    <property name="user.script" value=""/>
    <property name="sun.management.compiler" value="HotSpot 64-Bit Tiered Compilers"/>
    <property name="java.runtime.version" value="23.0.1+11"/>
    <property name="user.name" value="Admin"/>
    <property name="stdout.encoding" value="Cp1252"/>
    <property name="path.separator" value=";"/>
    <property name="os.version" value="10.0"/>
    <property name="java.runtime.name" value="OpenJDK Runtime Environment"/>
    <property name="file.encoding" value="UTF-8"/>
    <property name="java.vm.name" value="OpenJDK 64-Bit Server VM"/>
    <property name="java.vendor.version" value="Temurin-23.0.1+11"/>
    <property name="localRepository" value="C:\Users\Admin\.m2\repository"/>
    <property name="java.vendor.url.bug" value="https://github.com/adoptium/adoptium-support/issues"/>
    <property name="java.io.tmpdir" value="C:\Users\Admin\AppData\Local\Temp\"/>
    <property name="java.version" value="23.0.1"/>
    <property name="user.dir" value="C:\Users\Admin\Downloads\JKTech\RestAutomation"/>
    <property name="os.arch" value="amd64"/>
    <property name="java.vm.specification.name" value="Java Virtual Machine Specification"/>
    <property name="sun.os.patch.level" value=""/>
    <property name="native.encoding" value="Cp1252"/>
    <property name="java.library.path" value="C:\Users\Admin\.p2\pool\plugins\org.eclipse.justj.openjdk.hotspot.jre.full.win32.x86_64_23.0.1.v20241024-1700\jre\bin;C:\WINDOWS\Sun\Java\bin;C:\WINDOWS\system32;C:\WINDOWS;C:/Users/Admin/.p2/pool/plugins/org.eclipse.justj.openjdk.hotspot.jre.full.win32.x86_64_23.0.1.v20241024-1700/jre/bin/server;C:/Users/Admin/.p2/pool/plugins/org.eclipse.justj.openjdk.hotspot.jre.full.win32.x86_64_23.0.1.v20241024-1700/jre/bin;C:\Program Files\Microsoft SDKs\Azure\CLI2\wbin;C:\Users\Admin\AppData\Local\Programs\Python\Python313\Scripts\;C:\Users\Admin\AppData\Local\Programs\Python\Python313\;C:\WINDOWS\system32;C:\WINDOWS;C:\WINDOWS\System32\Wbem;C:\WINDOWS\System32\WindowsPowerShell\v1.0\;C:\WINDOWS\System32\OpenSSH\;C:\Program Files\Git\cmd;C:\Program Files\Java\jdk-17\bin;C:\Program Files\apache-maven-3.9.9\bin;C:\Program Files\Java\jdk-17\bin;C:\Program Files\nodejs\;C:\ProgramData\chocolatey\bin;C:\Program Files\nodejs;C:\Program Files\MySQL\MySQL Shell 8.0\bin\;C:\Users\Admin\AppData\Local\Programs\Python\Launcher\;C:\Users\Admin\AppData\Local\Microsoft\WindowsApps;;C:\Program Files\JetBrains\PyCharm Community Edition 2024.3.1\bin;;C:\Users\Admin\AppData\Roaming\npm;C:\Users\Admin\AppData\Local\Programs\Microsoft VS Code\bin;C:\WINDOWS\system32;;."/>
    <property name="java.vm.info" value="mixed mode, sharing"/>
    <property name="stderr.encoding" value="Cp1252"/>
    <property name="java.vendor" value="Eclipse Adoptium"/>
    <property name="java.vm.version" value="23.0.1+11"/>
    <property name="sun.io.unicode.encoding" value="UnicodeLittle"/>
    <property name="java.class.version" value="67.0"/>
  </properties>
  <testcase name="validateAuthorizationHeader" classname="api.test.HeaderValidationTest" time="3.858">
    <failure message="expected [true] but found [false]" type="java.lang.AssertionError"><![CDATA[java.lang.AssertionError: expected [true] but found [false]
	at org.testng.Assert.fail(Assert.java:111)
	at org.testng.Assert.failNotEquals(Assert.java:1590)
	at org.testng.Assert.assertTrue(Assert.java:57)
	at org.testng.Assert.assertTrue(Assert.java:67)
	at api.test.HeaderValidationTest.validateAuthorizationHeader(HeaderValidationTest.java:50)
	at java.base/jdk.internal.reflect.DirectMethodHandleAccessor.invoke(DirectMethodHandleAccessor.java:103)
	at java.base/java.lang.reflect.Method.invoke(Method.java:580)
	at org.testng.internal.invokers.MethodInvocationHelper.invokeMethod(MethodInvocationHelper.java:141)
	at org.testng.internal.invokers.TestInvoker.invokeMethod(TestInvoker.java:687)
	at org.testng.internal.invokers.TestInvoker.invokeTestMethod(TestInvoker.java:230)
	at org.testng.internal.invokers.MethodRunner.runInSequence(MethodRunner.java:63)
	at org.testng.internal.invokers.TestInvoker$MethodInvocationAgent.invoke(TestInvoker.java:995)
	at org.testng.internal.invokers.TestInvoker.invokeTestMethods(TestInvoker.java:203)
	at org.testng.internal.invokers.TestMethodWorker.invokeTestMethods(TestMethodWorker.java:154)
	at org.testng.internal.invokers.TestMethodWorker.run(TestMethodWorker.java:134)
	at java.base/java.util.ArrayList.forEach(ArrayList.java:1597)
	at org.testng.TestRunner.privateRun(TestRunner.java:741)
	at org.testng.TestRunner.run(TestRunner.java:616)
	at org.testng.SuiteRunner.runTest(SuiteRunner.java:421)
	at org.testng.SuiteRunner.runSequentially(SuiteRunner.java:413)
	at org.testng.SuiteRunner.privateRun(SuiteRunner.java:373)
	at org.testng.SuiteRunner.run(SuiteRunner.java:312)
	at org.testng.SuiteRunnerWorker.runSuite(SuiteRunnerWorker.java:52)
	at org.testng.SuiteRunnerWorker.run(SuiteRunnerWorker.java:95)
	at org.testng.TestNG.runSuitesSequentially(TestNG.java:1274)
	at org.testng.TestNG.runSuitesLocally(TestNG.java:1208)
	at org.testng.TestNG.runSuites(TestNG.java:1112)
	at org.testng.TestNG.run(TestNG.java:1079)
	at org.apache.maven.surefire.testng.TestNGExecutor.run(TestNGExecutor.java:155)
	at org.apache.maven.surefire.testng.TestNGDirectoryTestSuite.executeMulti(TestNGDirectoryTestSuite.java:169)
	at org.apache.maven.surefire.testng.TestNGDirectoryTestSuite.execute(TestNGDirectoryTestSuite.java:88)
	at org.apache.maven.surefire.testng.TestNGProvider.invoke(TestNGProvider.java:137)
	at org.apache.maven.surefire.booter.ForkedBooter.runSuitesInProcess(ForkedBooter.java:385)
	at org.apache.maven.surefire.booter.ForkedBooter.execute(ForkedBooter.java:162)
	at org.apache.maven.surefire.booter.ForkedBooter.run(ForkedBooter.java:507)
	at org.apache.maven.surefire.booter.ForkedBooter.main(ForkedBooter.java:495)
]]></failure>
    <system-err><![CDATA[SLF4J(W): No SLF4J providers were found.
SLF4J(W): Defaulting to no-operation (NOP) logger implementation
SLF4J(W): See https://www.slf4j.org/codes.html#noProviders for further details.
]]></system-err>
  </testcase>
  <testcase name="validateResponseHeaders" classname="api.test.HeaderValidationTest" time="1.259"/>
  <testcase name="testCreateProduct_Positive[api.payload.Product@3c3a0032](1)" classname="api.test.ProductAPITests" time="4.452">
    <system-out><![CDATA[api.payload.Product@3c3a0032
2025-06-16T15:28:54.238800300Z main ERROR Log4j API could not find a logging provider.
Request method:	POST
Request URI:	https://api.restful-api.dev/objects
Proxy:			<none>
Request params:	<none>
Query params:	<none>
Form params:	<none>
Path params:	<none>
Headers:		Accept=*/*
				Content-Type=application/json
Cookies:		<none>
Multiparts:		<none>
Body:
{
    "name": "Ipad",
    "data": {
        "year": 2023,
        "price": 1999.99,
        "CPU model": "M2",
        "Hard disk size": "1TB"
    }
}
HTTP/1.1 200 OK
Date: Mon, 16 Jun 2025 15:28:57 GMT
Content-Type: application/json
Transfer-Encoding: chunked
Connection: keep-alive
Server: cloudflare
Nel: {"report_to":"cf-nel","success_fraction":0.0,"max_age":604800}
Vary: Origin
Vary: Access-Control-Request-Method
Vary: Access-Control-Request-Headers
Cf-Cache-Status: DYNAMIC
Report-To: {"group":"cf-nel","max_age":604800,"endpoints":[{"url":"https://a.nel.cloudflare.com/report/v4?s=wLX%2BoTIYsA6jzcF6rdNGzzi7m3uJh8xOnHEEP5%2F60bZGw%2BKPvFyeGHcm53pGosj9e8yjkR%2B0aeyLvg2KXbGN%2BD4tDq7rWBDEvxXJAq5Hm0sa%2FUg%3D"}]}
Content-Encoding: gzip
CF-RAY: 950b5705bd62833c-SIN
alt-svc: h3=":443"; ma=86400

{
    "id": "ff80818196f2a23f0197795b9ff71ce5",
    "name": "Ipad",
    "createdAt": "2025-06-16T15:28:57.335+00:00",
    "data": {
        "year": 2023,
        "price": 1999.99,
        "CPU model": "M2",
        "Hard disk size": "1TB"
    }
}
]]></system-out>
  </testcase>
  <testcase name="testCreateProduct_Positive[api.payload.Product@65cc5252](2)" classname="api.test.ProductAPITests" time="0.483">
    <system-out><![CDATA[api.payload.Product@65cc5252
Request method:	POST
Request URI:	https://api.restful-api.dev/objects
Proxy:			<none>
Request params:	<none>
Query params:	<none>
Form params:	<none>
Path params:	<none>
Headers:		Accept=*/*
				Content-Type=application/json
Cookies:		<none>
Multiparts:		<none>
Body:
{
    "name": "MacBook",
    "data": {
        "year": 2023,
        "price": 100.0,
        "CPU model": "M2",
        "Hard disk size": "1TB"
    }
}
HTTP/1.1 200 OK
Date: Mon, 16 Jun 2025 15:28:59 GMT
Content-Type: application/json
Transfer-Encoding: chunked
Connection: keep-alive
Server: cloudflare
Nel: {"report_to":"cf-nel","success_fraction":0.0,"max_age":604800}
Vary: Origin
Vary: Access-Control-Request-Method
Vary: Access-Control-Request-Headers
Cf-Cache-Status: DYNAMIC
Report-To: {"group":"cf-nel","max_age":604800,"endpoints":[{"url":"https://a.nel.cloudflare.com/report/v4?s=kLF6ihwCLWVWPOcWmO46Q8mNQlTfwTCIPbQka%2BKTTXuG4tRUIg5CvcsP0nvsuSfVsTEERI4C0C3u6s4QlOg7oEd9sB0B9cGSqfQEa94VglQ3Eww%3D"}]}
Content-Encoding: gzip
CF-RAY: 950b5712ec93c6f6-SIN
alt-svc: h3=":443"; ma=86400

{
    "id": "ff80818196f2a23f0197795ba8361ce6",
    "name": "MacBook",
    "createdAt": "2025-06-16T15:28:59.446+00:00",
    "data": {
        "year": 2023,
        "price": 100.0,
        "CPU model": "M2",
        "Hard disk size": "1TB"
    }
}
]]></system-out>
  </testcase>
  <testcase name="testCreateProduct_Negative[api.payload.Product@3bbf1c0d](1)" classname="api.test.ProductAPITests" time="1.111">
    <system-out><![CDATA[Request method:	POST
Request URI:	https://api.restful-api.dev/objects
Proxy:			<none>
Request params:	<none>
Query params:	<none>
Form params:	<none>
Path params:	<none>
Headers:		Accept=*/*
				Content-Type=application/json
Cookies:		<none>
Multiparts:		<none>
Body:
{
    "name": null,
    "data": {
        "year": 2023,
        "price": 1999.99,
        "CPU model": "M2",
        "Hard disk size": "1TB"
    }
}
HTTP/1.1 200 OK
Date: Mon, 16 Jun 2025 15:29:00 GMT
Content-Type: application/json
Transfer-Encoding: chunked
Connection: keep-alive
Server: cloudflare
Nel: {"report_to":"cf-nel","success_fraction":0.0,"max_age":604800}
Vary: Origin
Vary: Access-Control-Request-Method
Vary: Access-Control-Request-Headers
Cf-Cache-Status: DYNAMIC
Report-To: {"group":"cf-nel","max_age":604800,"endpoints":[{"url":"https://a.nel.cloudflare.com/report/v4?s=nmIeuHamFBKHMjJuh54W%2BbKzKn0rKV2qZ%2FIMAf%2BW8q8dycK6X%2B17k2oiHfYWaovi5%2BzoSM0cWYBhQ1PuJ11eBvX1toWaBt2yk4rM5gFSQTx8GmU%3D"}]}
Content-Encoding: gzip
CF-RAY: 950b57189c366039-SIN
alt-svc: h3=":443"; ma=86400

{
    "id": "ff80818196f2a23f0197795bab8f1ce7",
    "name": null,
    "createdAt": "2025-06-16T15:29:00.303+00:00",
    "data": {
        "year": 2023,
        "price": 1999.99,
        "CPU model": "M2",
        "Hard disk size": "1TB"
    }
}
]]></system-out>
  </testcase>
  <testcase name="testCreateProduct_Negative[api.payload.Product@1ee40b5c](2)" classname="api.test.ProductAPITests" time="0.978">
    <system-out><![CDATA[Request method:	POST
Request URI:	https://api.restful-api.dev/objects
Proxy:			<none>
Request params:	<none>
Query params:	<none>
Form params:	<none>
Path params:	<none>
Headers:		Accept=*/*
				Content-Type=application/json
Cookies:		<none>
Multiparts:		<none>
Body:
{
    "name": "MacBook",
    "data": {
        "year": 2023,
        "price": -100.0,
        "CPU model": "M2",
        "Hard disk size": "1TB"
    }
}
HTTP/1.1 200 OK
Date: Mon, 16 Jun 2025 15:29:01 GMT
Content-Type: application/json
Transfer-Encoding: chunked
Connection: keep-alive
Server: cloudflare
Nel: {"report_to":"cf-nel","success_fraction":0.0,"max_age":604800}
Vary: Origin
Vary: Access-Control-Request-Method
Vary: Access-Control-Request-Headers
Cf-Cache-Status: DYNAMIC
Report-To: {"group":"cf-nel","max_age":604800,"endpoints":[{"url":"https://a.nel.cloudflare.com/report/v4?s=AOqPgA5rs%2BOqdXEIJmZiXa6D3nvr7F0j5qBkv%2BX3X29Wxc8Nf1tsi%2FMc5za4izUWj40vqsp5vcbuschE0wOtTZ0M43i0Z5gNUJl0GUnr46MPl%2Bc%3D"}]}
Content-Encoding: gzip
CF-RAY: 950b571f29a34d51-SIN
alt-svc: h3=":443"; ma=86400

{
    "id": "ff80818196f2a23f0197795bb0041ce8",
    "name": "MacBook",
    "createdAt": "2025-06-16T15:29:01.444+00:00",
    "data": {
        "year": 2023,
        "price": -100.0,
        "CPU model": "M2",
        "Hard disk size": "1TB"
    }
}
]]></system-out>
  </testcase>
  <testcase name="testGetProduct_Positive" classname="api.test.ProductAPITests" time="1.219">
    <system-out><![CDATA[Request method:	GET
Request URI:	https://api.restful-api.dev/objects/ff80818196f2a23f0197795ba8361ce6
Proxy:			<none>
Request params:	<none>
Query params:	<none>
Form params:	<none>
Path params:	<none>
Headers:		Accept=*/*
				Content-Type=application/json
Cookies:		<none>
Multiparts:		<none>
Body:			<none>
HTTP/1.1 200 OK
Date: Mon, 16 Jun 2025 15:29:02 GMT
Content-Type: application/json
Transfer-Encoding: chunked
Connection: keep-alive
Server: cloudflare
Nel: {"report_to":"cf-nel","success_fraction":0.0,"max_age":604800}
Vary: Origin
Vary: Access-Control-Request-Method
Vary: Access-Control-Request-Headers
Cf-Cache-Status: DYNAMIC
Report-To: {"group":"cf-nel","max_age":604800,"endpoints":[{"url":"https://a.nel.cloudflare.com/report/v4?s=EThD9L1B35i7gtyzKiec8hpikVG0nquhWmmgC8P7YA7HN2kZHP725xnCEd5Ml%2BYyFMp2MdufjY97QRdRnjYmOqZg732ZKK1Nm2oSq3P1LxmOpwo%3D"}]}
Content-Encoding: gzip
CF-RAY: 950b57266e3c8343-SIN
alt-svc: h3=":443"; ma=86400

{
    "id": "ff80818196f2a23f0197795ba8361ce6",
    "name": "MacBook",
    "data": {
        "year": 2023,
        "price": 100.0,
        "CPU model": "M2",
        "Hard disk size": "1TB"
    }
}
]]></system-out>
  </testcase>
  <testcase name="testGetProduct_Negative" classname="api.test.ProductAPITests" time="1.468">
    <system-out><![CDATA[Request method:	GET
Request URI:	https://api.restful-api.dev/objects/invalid_id_123
Proxy:			<none>
Request params:	<none>
Query params:	<none>
Form params:	<none>
Path params:	<none>
Headers:		Accept=*/*
				Content-Type=application/json
Cookies:		<none>
Multiparts:		<none>
Body:			<none>
HTTP/1.1 404 Not Found
Date: Mon, 16 Jun 2025 15:29:03 GMT
Content-Type: application/json
Transfer-Encoding: chunked
Connection: keep-alive
Server: cloudflare
Nel: {"report_to":"cf-nel","success_fraction":0.0,"max_age":604800}
Vary: Origin
Vary: Access-Control-Request-Method
Vary: Access-Control-Request-Headers
Cf-Cache-Status: DYNAMIC
Report-To: {"group":"cf-nel","max_age":604800,"endpoints":[{"url":"https://a.nel.cloudflare.com/report/v4?s=L7sVHJtmpB5GP0cGXvkc8xG95mSoAvzQ9Oa9S4%2B9s7FRrpAQm3h1vi0bKiSvqjM7JvlNJA88Rcz7fvTgSWRb48jT0KspNohhrCFMVbTc5bViY5A%3D"}]}
Content-Encoding: gzip
CF-RAY: 950b572c8ba1aeb9-SIN
alt-svc: h3=":443"; ma=86400

{
    "error": "Oject with id=invalid_id_123 was not found."
}
]]></system-out>
  </testcase>
  <testcase name="testUpdateProduct_Positive" classname="api.test.ProductAPITests" time="0.979">
    <system-out><![CDATA[Request method:	PUT
Request URI:	https://api.restful-api.dev/objects/ff80818196f2a23f0197795ba8361ce6
Proxy:			<none>
Request params:	<none>
Query params:	<none>
Form params:	<none>
Path params:	<none>
Headers:		Accept=*/*
				Content-Type=application/json
Cookies:		<none>
Multiparts:		<none>
Body:
{
    "name": "Updated MacBook Pro",
    "data": {
        "year": 2024,
        "price": 2099.99,
        "CPU model": "M3",
        "Hard disk size": "2TB"
    }
}
HTTP/1.1 200 OK
Date: Mon, 16 Jun 2025 15:29:05 GMT
Content-Type: application/json
Transfer-Encoding: chunked
Connection: keep-alive
Server: cloudflare
Nel: {"report_to":"cf-nel","success_fraction":0.0,"max_age":604800}
Vary: Origin
Vary: Access-Control-Request-Method
Vary: Access-Control-Request-Headers
Cf-Cache-Status: DYNAMIC
Report-To: {"group":"cf-nel","max_age":604800,"endpoints":[{"url":"https://a.nel.cloudflare.com/report/v4?s=kEV6kMJ0izRq%2FGopErOBpPSlMsKBzVcIdzFKj3TozqkbNGPinlKUDDh0p%2BYutFJYnZ0ymmgbFfh1BSIt9V%2BqIJp8wP143zz9n1buE4UXOee%2Fq8o%3D"}]}
Content-Encoding: gzip
CF-RAY: 950b5735fd818357-SIN
alt-svc: h3=":443"; ma=86400

{
    "id": "ff80818196f2a23f0197795ba8361ce6",
    "name": "Updated MacBook Pro",
    "updatedAt": "2025-06-16T15:29:05.103+00:00",
    "data": {
        "year": 2024,
        "price": 2099.99,
        "CPU model": "M3",
        "Hard disk size": "2TB"
    }
}
]]></system-out>
  </testcase>
  <testcase name="testUpdateProduct_Negative[api.payload.Product@7de147e9](1)" classname="api.test.ProductAPITests" time="0.783">
    <system-out><![CDATA[Request method:	PUT
Request URI:	https://api.restful-api.dev/objects/ff80818196f2a23f0197795ba8361ce6
Proxy:			<none>
Request params:	<none>
Query params:	<none>
Form params:	<none>
Path params:	<none>
Headers:		Accept=*/*
				Content-Type=application/json
Cookies:		<none>
Multiparts:		<none>
Body:
{
    "name": null,
    "data": {
        "year": 2023,
        "price": 1999.99,
        "CPU model": "M2",
        "Hard disk size": "1TB"
    }
}
HTTP/1.1 200 OK
Date: Mon, 16 Jun 2025 15:29:05 GMT
Content-Type: application/json
Transfer-Encoding: chunked
Connection: keep-alive
Server: cloudflare
Nel: {"report_to":"cf-nel","success_fraction":0.0,"max_age":604800}
Vary: Origin
Vary: Access-Control-Request-Method
Vary: Access-Control-Request-Headers
Cf-Cache-Status: DYNAMIC
Report-To: {"group":"cf-nel","max_age":604800,"endpoints":[{"url":"https://a.nel.cloudflare.com/report/v4?s=AD1L%2Bo4atz%2FEWIrFGKJ%2B2%2BFoEZUYo%2BUwRvD8cGHnLnWNcG7iJemWcTM9qjrUC36UUb33iuntEWqv20ur1hqEfSd905nTRxtTh%2BFqG6bcq9b1"}]}
Content-Encoding: gzip
CF-RAY: 950b573bb8eb5f96-SIN
alt-svc: h3=":443"; ma=86400

{
    "id": "ff80818196f2a23f0197795ba8361ce6",
    "name": null,
    "updatedAt": "2025-06-16T15:29:05.930+00:00",
    "data": {
        "year": 2023,
        "price": 1999.99,
        "CPU model": "M2",
        "Hard disk size": "1TB"
    }
}
]]></system-out>
  </testcase>
  <testcase name="testUpdateProduct_Negative[api.payload.Product@5f6494c0](2)" classname="api.test.ProductAPITests" time="0.869">
    <system-out><![CDATA[Request method:	PUT
Request URI:	https://api.restful-api.dev/objects/ff80818196f2a23f0197795ba8361ce6
Proxy:			<none>
Request params:	<none>
Query params:	<none>
Form params:	<none>
Path params:	<none>
Headers:		Accept=*/*
				Content-Type=application/json
Cookies:		<none>
Multiparts:		<none>
Body:
{
    "name": "MacBook",
    "data": {
        "year": 2023,
        "price": -100.0,
        "CPU model": "M2",
        "Hard disk size": "1TB"
    }
}
HTTP/1.1 200 OK
Date: Mon, 16 Jun 2025 15:29:06 GMT
Content-Type: application/json
Transfer-Encoding: chunked
Connection: keep-alive
Server: cloudflare
Nel: {"report_to":"cf-nel","success_fraction":0.0,"max_age":604800}
Vary: Origin
Vary: Access-Control-Request-Method
Vary: Access-Control-Request-Headers
Cf-Cache-Status: DYNAMIC
Report-To: {"group":"cf-nel","max_age":604800,"endpoints":[{"url":"https://a.nel.cloudflare.com/report/v4?s=92BJ%2FFEO0cXIt0YIFTZR0YSfCadYtxR0xna2xfqecJEpUgaKHTFvHabJxw9m%2BSxqxrzxpNv0gUM0z9ecL%2BCc0xA6Su%2Bm8Ob2VSHp0wkhBh31yGc%3D"}]}
Content-Encoding: gzip
CF-RAY: 950b5740ded56044-SIN
alt-svc: h3=":443"; ma=86400

{
    "id": "ff80818196f2a23f0197795ba8361ce6",
    "name": "MacBook",
    "updatedAt": "2025-06-16T15:29:06.774+00:00",
    "data": {
        "year": 2023,
        "price": -100.0,
        "CPU model": "M2",
        "Hard disk size": "1TB"
    }
}
]]></system-out>
  </testcase>
  <testcase name="testDeleteProduct_Positive" classname="api.test.ProductAPITests" time="2.007">
    <system-out><![CDATA[Request method:	DELETE
Request URI:	https://api.restful-api.dev/objects/ff80818196f2a23f0197795ba8361ce6
Proxy:			<none>
Request params:	<none>
Query params:	<none>
Form params:	<none>
Path params:	<none>
Headers:		Accept=*/*
				Content-Type=application/json
Cookies:		<none>
Multiparts:		<none>
Body:			<none>
HTTP/1.1 200 OK
Date: Mon, 16 Jun 2025 15:29:07 GMT
Content-Type: application/json
Transfer-Encoding: chunked
Connection: keep-alive
Server: cloudflare
Nel: {"report_to":"cf-nel","success_fraction":0.0,"max_age":604800}
Vary: Origin
Vary: Access-Control-Request-Method
Vary: Access-Control-Request-Headers
Cf-Cache-Status: DYNAMIC
Report-To: {"group":"cf-nel","max_age":604800,"endpoints":[{"url":"https://a.nel.cloudflare.com/report/v4?s=rt6oDqA7A8yS%2BTQKKA5dAYKgOfAbOYVhfi6OJ%2FeIsDEMM5spTM6HLJjXUpyPE4g2y1vseMMoUAaqb%2FBcsYmjScVdSek07bBScgpdUtyBMG7%2Bvcw%3D"}]}
Content-Encoding: gzip
CF-RAY: 950b57476ac2409c-SIN
alt-svc: h3=":443"; ma=86400

{
    "message": "Object with id = ff80818196f2a23f0197795ba8361ce6 has been deleted."
}
Request method:	GET
Request URI:	https://api.restful-api.dev/objects/ff80818196f2a23f0197795ba8361ce6
Proxy:			<none>
Request params:	<none>
Query params:	<none>
Form params:	<none>
Path params:	<none>
Headers:		Accept=*/*
				Content-Type=application/json
Cookies:		<none>
Multiparts:		<none>
Body:			<none>
HTTP/1.1 404 Not Found
Date: Mon, 16 Jun 2025 15:29:08 GMT
Content-Type: application/json
Transfer-Encoding: chunked
Connection: keep-alive
Server: cloudflare
Nel: {"report_to":"cf-nel","success_fraction":0.0,"max_age":604800}
Vary: Origin
Vary: Access-Control-Request-Method
Vary: Access-Control-Request-Headers
Cf-Cache-Status: DYNAMIC
Report-To: {"group":"cf-nel","max_age":604800,"endpoints":[{"url":"https://a.nel.cloudflare.com/report/v4?s=VVhpkvtWlpKOga%2BZxaPGrhqhAife89GJvw1%2ByZOYvGVaPZCOYXPl1GKIaYylTSsJhT2v6Ke3WYR2JgJu9dlF%2F0mVMRuTUQ4c3kbFnMIPZW8Spwk%3D"}]}
Content-Encoding: gzip
CF-RAY: 950b574d5a8f9bda-SIN
alt-svc: h3=":443"; ma=86400

{
    "error": "Oject with id=ff80818196f2a23f0197795ba8361ce6 was not found."
}
]]></system-out>
  </testcase>
  <testcase name="testDeleteProduct_Negative" classname="api.test.ProductAPITests" time="0.325">
    <system-out><![CDATA[Request method:	DELETE
Request URI:	https://api.restful-api.dev/objects/ff80818196f2a23f0197795ba8361ce6
Proxy:			<none>
Request params:	<none>
Query params:	<none>
Form params:	<none>
Path params:	<none>
Headers:		Accept=*/*
				Content-Type=application/json
Cookies:		<none>
Multiparts:		<none>
Body:			<none>
HTTP/1.1 404 Not Found
Date: Mon, 16 Jun 2025 15:29:09 GMT
Content-Type: application/json
Transfer-Encoding: chunked
Connection: keep-alive
Server: cloudflare
Nel: {"report_to":"cf-nel","success_fraction":0.0,"max_age":604800}
Vary: Origin
Vary: Access-Control-Request-Method
Vary: Access-Control-Request-Headers
Cf-Cache-Status: DYNAMIC
Report-To: {"group":"cf-nel","max_age":604800,"endpoints":[{"url":"https://a.nel.cloudflare.com/report/v4?s=pTPfmU%2FihgRhhGd35EqCJiieE%2F%2FrCeBVHkHmZEh%2FFxis2VgUsiRJQZtMSnt4eknQe2xnRvgtnYl4%2FJFiXTw1hEYacXz0ZIowqEEShhU5jn%2BDxDo%3D"}]}
Content-Encoding: gzip
CF-RAY: 950b5750cde6fd2c-SIN
alt-svc: h3=":443"; ma=86400

{
    "error": "Object with id = ff80818196f2a23f0197795ba8361ce6 doesn't exist."
}
]]></system-out>
  </testcase>
</testsuite>